This file contains any messages produced by compilers while
running configure, to aid debugging if configure makes a mistake.

It was created by libptp2 configure 1.2.0, which was
generated by GNU Autoconf 2.69.  Invocation command line was

  $ ./configure 

## --------- ##
## Platform. ##
## --------- ##

hostname = tristar-desktop
uname -m = aarch64
uname -r = 4.9.253-tegra
uname -s = Linux
uname -v = #1 SMP PREEMPT Mon Jul 26 12:19:28 PDT 2021

/usr/bin/uname -p = unknown
/bin/uname -X     = unknown

/bin/arch              = unknown
/usr/bin/arch -k       = unknown
/usr/convex/getsysinfo = unknown
/usr/bin/hostinfo      = unknown
/bin/machine           = unknown
/usr/bin/oslevel       = unknown
/bin/universe          = unknown

PATH: /usr/local/cuda-10.2/bin
PATH: /home/tristar/.local/bin
PATH: /usr/local/sbin
PATH: /usr/local/bin
PATH: /usr/sbin
PATH: /usr/bin
PATH: /sbin
PATH: /bin
PATH: /usr/games
PATH: /usr/local/games
PATH: /snap/bin
PATH: /home/tristar/.local/bin


## ----------- ##
## Core tests. ##
## ----------- ##

configure:2269: checking for a BSD-compatible install
configure:2337: result: /usr/bin/install -c
configure:2348: checking whether build environment is sane
configure:2403: result: yes
configure:2554: checking for a thread-safe mkdir -p
configure:2593: result: /bin/mkdir -p
configure:2600: checking for gawk
configure:2630: result: no
configure:2600: checking for mawk
configure:2616: found /usr/bin/mawk
configure:2627: result: mawk
configure:2638: checking whether make sets $(MAKE)
configure:2660: result: yes
configure:2689: checking whether make supports nested variables
configure:2706: result: yes
configure:2864: checking build system type
configure:2878: result: aarch64-unknown-linux-gnu
configure:2898: checking host system type
configure:2911: result: aarch64-unknown-linux-gnu
configure:2952: checking how to print strings
configure:2979: result: printf
configure:3012: checking for style of include used by make
configure:3040: result: GNU
configure:3111: checking for gcc
configure:3127: found /usr/bin/gcc
configure:3138: result: gcc
configure:3367: checking for C compiler version
configure:3376: gcc --version >&5
gcc (Ubuntu/Linaro 7.5.0-3ubuntu1~18.04) 7.5.0
Copyright (C) 2017 Free Software Foundation, Inc.
This is free software; see the source for copying conditions.  There is NO
warranty; not even for MERCHANTABILITY or FITNESS FOR A PARTICULAR PURPOSE.

configure:3387: $? = 0
configure:3376: gcc -v >&5
Using built-in specs.
COLLECT_GCC=gcc
COLLECT_LTO_WRAPPER=/usr/lib/gcc/aarch64-linux-gnu/7/lto-wrapper
Target: aarch64-linux-gnu
Configured with: ../src/configure -v --with-pkgversion='Ubuntu/Linaro 7.5.0-3ubuntu1~18.04' --with-bugurl=file:///usr/share/doc/gcc-7/README.Bugs --enable-languages=c,ada,c++,go,d,fortran,objc,obj-c++ --prefix=/usr --with-gcc-major-version-only --program-suffix=-7 --program-prefix=aarch64-linux-gnu- --enable-shared --enable-linker-build-id --libexecdir=/usr/lib --without-included-gettext --enable-threads=posix --libdir=/usr/lib --enable-nls --enable-bootstrap --enable-clocale=gnu --enable-libstdcxx-debug --enable-libstdcxx-time=yes --with-default-libstdcxx-abi=new --enable-gnu-unique-object --disable-libquadmath --disable-libquadmath-support --enable-plugin --enable-default-pie --with-system-zlib --enable-multiarch --enable-fix-cortex-a53-843419 --disable-werror --enable-checking=release --build=aarch64-linux-gnu --host=aarch64-linux-gnu --target=aarch64-linux-gnu
Thread model: posix
gcc version 7.5.0 (Ubuntu/Linaro 7.5.0-3ubuntu1~18.04) 
configure:3387: $? = 0
configure:3376: gcc -V >&5
gcc: error: unrecognized command line option '-V'
gcc: fatal error: no input files
compilation terminated.
configure:3387: $? = 1
configure:3376: gcc -qversion >&5
gcc: error: unrecognized command line option '-qversion'; did you mean '--version'?
gcc: fatal error: no input files
compilation terminated.
configure:3387: $? = 1
configure:3407: checking whether the C compiler works
configure:3429: gcc    conftest.c  >&5
configure:3433: $? = 0
configure:3481: result: yes
configure:3484: checking for C compiler default output file name
configure:3486: result: a.out
configure:3492: checking for suffix of executables
configure:3499: gcc -o conftest    conftest.c  >&5
configure:3503: $? = 0
configure:3525: result: 
configure:3547: checking whether we are cross compiling
configure:3555: gcc -o conftest    conftest.c  >&5
configure:3559: $? = 0
configure:3566: ./conftest
configure:3570: $? = 0
configure:3585: result: no
configure:3590: checking for suffix of object files
configure:3612: gcc -c   conftest.c >&5
configure:3616: $? = 0
configure:3637: result: o
configure:3641: checking whether we are using the GNU C compiler
configure:3660: gcc -c   conftest.c >&5
configure:3660: $? = 0
configure:3669: result: yes
configure:3678: checking whether gcc accepts -g
configure:3698: gcc -c -g  conftest.c >&5
configure:3698: $? = 0
configure:3739: result: yes
configure:3756: checking for gcc option to accept ISO C89
configure:3819: gcc  -c -g -O2  conftest.c >&5
configure:3819: $? = 0
configure:3832: result: none needed
configure:3857: checking whether gcc understands -c and -o together
configure:3879: gcc -c conftest.c -o conftest2.o
configure:3882: $? = 0
configure:3879: gcc -c conftest.c -o conftest2.o
configure:3882: $? = 0
configure:3894: result: yes
configure:3913: checking dependency style of gcc
configure:4024: result: gcc3
configure:4039: checking for a sed that does not truncate output
configure:4103: result: /bin/sed
configure:4121: checking for grep that handles long lines and -e
configure:4179: result: /bin/grep
configure:4184: checking for egrep
configure:4246: result: /bin/grep -E
configure:4251: checking for fgrep
configure:4313: result: /bin/grep -F
configure:4348: checking for ld used by gcc
configure:4415: result: /usr/bin/ld
configure:4422: checking if the linker (/usr/bin/ld) is GNU ld
configure:4437: result: yes
configure:4449: checking for BSD- or MS-compatible name lister (nm)
configure:4498: result: /usr/bin/nm -B
configure:4628: checking the name lister (/usr/bin/nm -B) interface
configure:4635: gcc -c -g -O2  conftest.c >&5
configure:4638: /usr/bin/nm -B "conftest.o"
configure:4641: output
0000000000000000 B some_variable
configure:4648: result: BSD nm
configure:4651: checking whether ln -s works
configure:4655: result: yes
configure:4663: checking the maximum length of command line arguments
configure:4794: result: 1572864
configure:4811: checking whether the shell understands some XSI constructs
configure:4821: result: yes
configure:4825: checking whether the shell understands "+="
configure:4831: result: yes
configure:4866: checking how to convert aarch64-unknown-linux-gnu file names to aarch64-unknown-linux-gnu format
configure:4906: result: func_convert_file_noop
configure:4913: checking how to convert aarch64-unknown-linux-gnu file names to toolchain format
configure:4933: result: func_convert_file_noop
configure:4940: checking for /usr/bin/ld option to reload object files
configure:4947: result: -r
configure:5021: checking for objdump
configure:5037: found /usr/bin/objdump
configure:5048: result: objdump
configure:5080: checking how to recognize dependent libraries
configure:5278: result: pass_all
configure:5363: checking for dlltool
configure:5393: result: no
configure:5423: checking how to associate runtime and link libraries
configure:5450: result: printf %s\n
configure:5511: checking for ar
configure:5527: found /usr/bin/ar
configure:5538: result: ar
configure:5575: checking for archiver @FILE support
configure:5592: gcc -c -g -O2  conftest.c >&5
configure:5592: $? = 0
configure:5595: ar cru libconftest.a @conftest.lst >&5
ar: `u' modifier ignored since `D' is the default (see `U')
configure:5598: $? = 0
configure:5603: ar cru libconftest.a @conftest.lst >&5
ar: `u' modifier ignored since `D' is the default (see `U')
ar: conftest.o: No such file or directory
configure:5606: $? = 1
configure:5618: result: @
configure:5676: checking for strip
configure:5692: found /usr/bin/strip
configure:5703: result: strip
configure:5775: checking for ranlib
configure:5791: found /usr/bin/ranlib
configure:5802: result: ranlib
configure:5904: checking command to parse /usr/bin/nm -B output from gcc object
configure:6024: gcc -c -g -O2  conftest.c >&5
configure:6027: $? = 0
configure:6031: /usr/bin/nm -B conftest.o \| sed -n -e 's/^.*[ ]\([ABCDGIRSTW][ABCDGIRSTW]*\)[ ][ ]*\([_A-Za-z][_A-Za-z0-9]*\)$/\1 \2 \2/p' | sed '/ __gnu_lto/d' \> conftest.nm
configure:6034: $? = 0
configure:6100: gcc -o conftest -g -O2   conftest.c conftstm.o >&5
configure:6103: $? = 0
configure:6141: result: ok
configure:6178: checking for sysroot
configure:6208: result: no
configure:6477: checking for mt
configure:6493: found /bin/mt
configure:6504: result: mt
configure:6527: checking if mt is a manifest tool
configure:6533: mt '-?'
configure:6541: result: no
configure:7183: checking how to run the C preprocessor
configure:7214: gcc -E  conftest.c
configure:7214: $? = 0
configure:7228: gcc -E  conftest.c
conftest.c:11:10: fatal error: ac_nonexistent.h: No such file or directory
 #include <ac_nonexistent.h>
          ^~~~~~~~~~~~~~~~~~
compilation terminated.
configure:7228: $? = 1
configure: failed program was:
| /* confdefs.h */
| #define PACKAGE_NAME "libptp2"
| #define PACKAGE_TARNAME "libptp2"
| #define PACKAGE_VERSION "1.2.0"
| #define PACKAGE_STRING "libptp2 1.2.0"
| #define PACKAGE_BUGREPORT "findmeontheweb@nosuchemail.com"
| #define PACKAGE_URL ""
| #define PACKAGE "libptp2"
| #define VERSION "1.2.0"
| /* end confdefs.h.  */
| #include <ac_nonexistent.h>
configure:7253: result: gcc -E
configure:7273: gcc -E  conftest.c
configure:7273: $? = 0
configure:7287: gcc -E  conftest.c
conftest.c:11:10: fatal error: ac_nonexistent.h: No such file or directory
 #include <ac_nonexistent.h>
          ^~~~~~~~~~~~~~~~~~
compilation terminated.
configure:7287: $? = 1
configure: failed program was:
| /* confdefs.h */
| #define PACKAGE_NAME "libptp2"
| #define PACKAGE_TARNAME "libptp2"
| #define PACKAGE_VERSION "1.2.0"
| #define PACKAGE_STRING "libptp2 1.2.0"
| #define PACKAGE_BUGREPORT "findmeontheweb@nosuchemail.com"
| #define PACKAGE_URL ""
| #define PACKAGE "libptp2"
| #define VERSION "1.2.0"
| /* end confdefs.h.  */
| #include <ac_nonexistent.h>
configure:7316: checking for ANSI C header files
configure:7336: gcc -c -g -O2  conftest.c >&5
configure:7336: $? = 0
configure:7409: gcc -o conftest -g -O2   conftest.c  >&5
configure:7409: $? = 0
configure:7409: ./conftest
configure:7409: $? = 0
configure:7420: result: yes
configure:7433: checking for sys/types.h
configure:7433: gcc -c -g -O2  conftest.c >&5
configure:7433: $? = 0
configure:7433: result: yes
configure:7433: checking for sys/stat.h
configure:7433: gcc -c -g -O2  conftest.c >&5
configure:7433: $? = 0
configure:7433: result: yes
configure:7433: checking for stdlib.h
configure:7433: gcc -c -g -O2  conftest.c >&5
configure:7433: $? = 0
configure:7433: result: yes
configure:7433: checking for string.h
configure:7433: gcc -c -g -O2  conftest.c >&5
configure:7433: $? = 0
configure:7433: result: yes
configure:7433: checking for memory.h
configure:7433: gcc -c -g -O2  conftest.c >&5
configure:7433: $? = 0
configure:7433: result: yes
configure:7433: checking for strings.h
configure:7433: gcc -c -g -O2  conftest.c >&5
configure:7433: $? = 0
configure:7433: result: yes
configure:7433: checking for inttypes.h
configure:7433: gcc -c -g -O2  conftest.c >&5
configure:7433: $? = 0
configure:7433: result: yes
configure:7433: checking for stdint.h
configure:7433: gcc -c -g -O2  conftest.c >&5
configure:7433: $? = 0
configure:7433: result: yes
configure:7433: checking for unistd.h
configure:7433: gcc -c -g -O2  conftest.c >&5
configure:7433: $? = 0
configure:7433: result: yes
configure:7447: checking for dlfcn.h
configure:7447: gcc -c -g -O2  conftest.c >&5
configure:7447: $? = 0
configure:7447: result: yes
configure:7653: checking for objdir
configure:7668: result: .libs
configure:7935: checking if gcc supports -fno-rtti -fno-exceptions
configure:7953: gcc -c -g -O2  -fno-rtti -fno-exceptions conftest.c >&5
cc1: warning: command line option '-fno-rtti' is valid for C++/ObjC++ but not for C
configure:7957: $? = 0
configure:7970: result: no
configure:8297: checking for gcc option to produce PIC
configure:8304: result: -fPIC -DPIC
configure:8312: checking if gcc PIC flag -fPIC -DPIC works
configure:8330: gcc -c -g -O2  -fPIC -DPIC -DPIC conftest.c >&5
configure:8334: $? = 0
configure:8347: result: yes
configure:8376: checking if gcc static flag -static works
configure:8404: result: yes
configure:8419: checking if gcc supports -c -o file.o
configure:8440: gcc -c -g -O2  -o out/conftest2.o conftest.c >&5
configure:8444: $? = 0
configure:8466: result: yes
configure:8474: checking if gcc supports -c -o file.o
configure:8521: result: yes
configure:8554: checking whether the gcc linker (/usr/bin/ld) supports shared libraries
configure:9711: result: yes
configure:9748: checking whether -lc should be explicitly linked in
configure:9756: gcc -c -g -O2  conftest.c >&5
configure:9759: $? = 0
configure:9774: gcc -shared  -fPIC -DPIC conftest.o  -v -Wl,-soname -Wl,conftest -o conftest 2\>\&1 \| /bin/grep  -lc  \>/dev/null 2\>\&1
configure:9777: $? = 0
configure:9791: result: no
configure:9951: checking dynamic linker characteristics
configure:10451: gcc -o conftest -g -O2   -Wl,-rpath -Wl,/foo conftest.c  >&5
configure:10451: $? = 0
configure:10685: result: GNU/Linux ld.so
configure:10792: checking how to hardcode library paths into programs
configure:10817: result: immediate
configure:11357: checking whether stripping libraries is possible
configure:11362: result: yes
configure:11397: checking if libtool supports shared libraries
configure:11399: result: yes
configure:11402: checking whether to build shared libraries
configure:11423: result: yes
configure:11426: checking whether to build static libraries
configure:11430: result: yes
configure:11535: checking for gcc
configure:11562: result: gcc
configure:11791: checking for C compiler version
configure:11800: gcc --version >&5
gcc (Ubuntu/Linaro 7.5.0-3ubuntu1~18.04) 7.5.0
Copyright (C) 2017 Free Software Foundation, Inc.
This is free software; see the source for copying conditions.  There is NO
warranty; not even for MERCHANTABILITY or FITNESS FOR A PARTICULAR PURPOSE.

configure:11811: $? = 0
configure:11800: gcc -v >&5
Using built-in specs.
COLLECT_GCC=gcc
COLLECT_LTO_WRAPPER=/usr/lib/gcc/aarch64-linux-gnu/7/lto-wrapper
Target: aarch64-linux-gnu
Configured with: ../src/configure -v --with-pkgversion='Ubuntu/Linaro 7.5.0-3ubuntu1~18.04' --with-bugurl=file:///usr/share/doc/gcc-7/README.Bugs --enable-languages=c,ada,c++,go,d,fortran,objc,obj-c++ --prefix=/usr --with-gcc-major-version-only --program-suffix=-7 --program-prefix=aarch64-linux-gnu- --enable-shared --enable-linker-build-id --libexecdir=/usr/lib --without-included-gettext --enable-threads=posix --libdir=/usr/lib --enable-nls --enable-bootstrap --enable-clocale=gnu --enable-libstdcxx-debug --enable-libstdcxx-time=yes --with-default-libstdcxx-abi=new --enable-gnu-unique-object --disable-libquadmath --disable-libquadmath-support --enable-plugin --enable-default-pie --with-system-zlib --enable-multiarch --enable-fix-cortex-a53-843419 --disable-werror --enable-checking=release --build=aarch64-linux-gnu --host=aarch64-linux-gnu --target=aarch64-linux-gnu
Thread model: posix
gcc version 7.5.0 (Ubuntu/Linaro 7.5.0-3ubuntu1~18.04) 
configure:11811: $? = 0
configure:11800: gcc -V >&5
gcc: error: unrecognized command line option '-V'
gcc: fatal error: no input files
compilation terminated.
configure:11811: $? = 1
configure:11800: gcc -qversion >&5
gcc: error: unrecognized command line option '-qversion'; did you mean '--version'?
gcc: fatal error: no input files
compilation terminated.
configure:11811: $? = 1
configure:11815: checking whether we are using the GNU C compiler
configure:11843: result: yes
configure:11852: checking whether gcc accepts -g
configure:11913: result: yes
configure:11930: checking for gcc option to accept ISO C89
configure:12006: result: none needed
configure:12031: checking whether gcc understands -c and -o together
configure:12068: result: yes
configure:12087: checking dependency style of gcc
configure:12198: result: gcc3
configure:12223: checking for ANSI C header files
configure:12327: result: yes
configure:12338: checking libintl.h usability
configure:12338: gcc -c -g -O2 -Wall -Wmissing-declarations -Wmissing-prototypes  conftest.c >&5
configure:12338: $? = 0
configure:12338: result: yes
configure:12338: checking libintl.h presence
configure:12338: gcc -E  conftest.c
configure:12338: $? = 0
configure:12338: result: yes
configure:12338: checking for libintl.h
configure:12338: result: yes
configure:12338: checking for stdlib.h
configure:12338: result: yes
configure:12338: checking for string.h
configure:12338: result: yes
configure:12350: checking for an ANSI C-conforming const
configure:12416: gcc -c -g -O2 -Wall -Wmissing-declarations -Wmissing-prototypes  conftest.c >&5
configure:12416: $? = 0
configure:12423: result: yes
configure:12431: checking for inline
configure:12447: gcc -c -g -O2 -Wall -Wmissing-declarations -Wmissing-prototypes  conftest.c >&5
configure:12447: $? = 0
configure:12455: result: inline
configure:12473: checking whether struct tm is in sys/time.h or time.h
configure:12493: gcc -c -g -O2 -Wall -Wmissing-declarations -Wmissing-prototypes  conftest.c >&5
configure:12493: $? = 0
configure:12500: result: time.h
configure:12510: checking for error_at_line
configure:12526: gcc -o conftest -g -O2 -Wall -Wmissing-declarations -Wmissing-prototypes   -Wall conftest.c  >&5
configure:12526: $? = 0
configure:12534: result: yes
configure:12547: checking for stdlib.h
configure:12547: result: yes
configure:12557: checking for GNU libc compatible malloc
configure:12581: gcc -o conftest -g -O2 -Wall -Wmissing-declarations -Wmissing-prototypes   -Wall conftest.c  >&5
configure:12581: $? = 0
configure:12581: ./conftest
configure:12581: $? = 0
configure:12591: result: yes
configure:12612: checking whether time.h and sys/time.h may both be included
configure:12632: gcc -c -g -O2 -Wall -Wmissing-declarations -Wmissing-prototypes  conftest.c >&5
configure:12632: $? = 0
configure:12639: result: yes
configure:12653: checking for sys/time.h
configure:12653: gcc -c -g -O2 -Wall -Wmissing-declarations -Wmissing-prototypes  conftest.c >&5
configure:12653: $? = 0
configure:12653: result: yes
configure:12653: checking for unistd.h
configure:12653: result: yes
configure:12674: checking for alarm
configure:12674: gcc -o conftest -g -O2 -Wall -Wmissing-declarations -Wmissing-prototypes   -Wall conftest.c  >&5
configure:12674: $? = 0
configure:12674: result: yes
configure:12687: checking for working mktime
configure:12889: gcc -o conftest -g -O2 -Wall -Wmissing-declarations -Wmissing-prototypes   -Wall conftest.c  >&5
configure:12889: $? = 0
configure:12889: ./conftest
configure:12889: $? = 0
configure:12899: result: yes
configure:12912: checking for vprintf
configure:12912: gcc -o conftest -g -O2 -Wall -Wmissing-declarations -Wmissing-prototypes   -Wall conftest.c  >&5
conftest.c:56:6: warning: conflicting types for built-in function 'vprintf' [-Wbuiltin-declaration-mismatch]
 char vprintf ();
      ^~~~~~~
configure:12912: $? = 0
configure:12912: result: yes
configure:12918: checking for _doprnt
configure:12918: gcc -o conftest -g -O2 -Wall -Wmissing-declarations -Wmissing-prototypes   -Wall conftest.c  >&5
/tmp/cc8pkKI9.o: In function `main':
/home/tristar/MyWork-NX4_6/libptp2-1.2.0/conftest.c:68: undefined reference to `_doprnt'
collect2: error: ld returned 1 exit status
configure:12918: $? = 1
configure: failed program was:
| /* confdefs.h */
| #define PACKAGE_NAME "libptp2"
| #define PACKAGE_TARNAME "libptp2"
| #define PACKAGE_VERSION "1.2.0"
| #define PACKAGE_STRING "libptp2 1.2.0"
| #define PACKAGE_BUGREPORT "findmeontheweb@nosuchemail.com"
| #define PACKAGE_URL ""
| #define PACKAGE "libptp2"
| #define VERSION "1.2.0"
| #define STDC_HEADERS 1
| #define HAVE_SYS_TYPES_H 1
| #define HAVE_SYS_STAT_H 1
| #define HAVE_STDLIB_H 1
| #define HAVE_STRING_H 1
| #define HAVE_MEMORY_H 1
| #define HAVE_STRINGS_H 1
| #define HAVE_INTTYPES_H 1
| #define HAVE_STDINT_H 1
| #define HAVE_UNISTD_H 1
| #define HAVE_DLFCN_H 1
| #define LT_OBJDIR ".libs/"
| #define STDC_HEADERS 1
| #define HAVE_LIBINTL_H 1
| #define HAVE_STDLIB_H 1
| #define HAVE_STRING_H 1
| #define HAVE_STDLIB_H 1
| #define HAVE_MALLOC 1
| #define TIME_WITH_SYS_TIME 1
| #define HAVE_SYS_TIME_H 1
| #define HAVE_UNISTD_H 1
| #define HAVE_ALARM 1
| #define HAVE_VPRINTF 1
| /* end confdefs.h.  */
| /* Define _doprnt to an innocuous variant, in case <limits.h> declares _doprnt.
|    For example, HP-UX 11i <limits.h> declares gettimeofday.  */
| #define _doprnt innocuous__doprnt
| 
| /* System header to define __stub macros and hopefully few prototypes,
|     which can conflict with char _doprnt (); below.
|     Prefer <limits.h> to <assert.h> if __STDC__ is defined, since
|     <limits.h> exists even on freestanding compilers.  */
| 
| #ifdef __STDC__
| # include <limits.h>
| #else
| # include <assert.h>
| #endif
| 
| #undef _doprnt
| 
| /* Override any GCC internal prototype to avoid an error.
|    Use char because int might match the return type of a GCC
|    builtin and then its argument prototype would still apply.  */
| #ifdef __cplusplus
| extern "C"
| #endif
| char _doprnt ();
| /* The GNU C library defines this for functions which it implements
|     to always fail with ENOSYS.  Some functions are actually named
|     something starting with __ and the normal name is an alias.  */
| #if defined __stub__doprnt || defined __stub____doprnt
| choke me
| #endif
| 
| int
| main ()
| {
| return _doprnt ();
|   ;
|   return 0;
| }
configure:12918: result: no
configure:12932: checking for memset
configure:12932: gcc -o conftest -g -O2 -Wall -Wmissing-declarations -Wmissing-prototypes   -Wall conftest.c  >&5
conftest.c:57:6: warning: conflicting types for built-in function 'memset' [-Wbuiltin-declaration-mismatch]
 char memset ();
      ^~~~~~
configure:12932: $? = 0
configure:12932: result: yes
configure:12932: checking for strchr
configure:12932: gcc -o conftest -g -O2 -Wall -Wmissing-declarations -Wmissing-prototypes   -Wall conftest.c  >&5
conftest.c:58:6: warning: conflicting types for built-in function 'strchr' [-Wbuiltin-declaration-mismatch]
 char strchr ();
      ^~~~~~
configure:12932: $? = 0
configure:12932: result: yes
configure:12932: checking for strdup
configure:12932: gcc -o conftest -g -O2 -Wall -Wmissing-declarations -Wmissing-prototypes   -Wall conftest.c  >&5
conftest.c:59:6: warning: conflicting types for built-in function 'strdup' [-Wbuiltin-declaration-mismatch]
 char strdup ();
      ^~~~~~
configure:12932: $? = 0
configure:12932: result: yes
configure:12932: checking for strtol
configure:12932: gcc -o conftest -g -O2 -Wall -Wmissing-declarations -Wmissing-prototypes   -Wall conftest.c  >&5
configure:12932: $? = 0
configure:12932: result: yes
configure:12932: checking for getopt_long
configure:12932: gcc -o conftest -g -O2 -Wall -Wmissing-declarations -Wmissing-prototypes   -Wall conftest.c  >&5
configure:12932: $? = 0
configure:12932: result: yes
configure:13051: checking for libusb-config
configure:13069: found /usr/bin/libusb-config
configure:13081: result: /usr/bin/libusb-config
configure:13098: checking for usb_busses in -lusb
configure:13123: gcc -o conftest -g -O2 -Wall -Wmissing-declarations -Wmissing-prototypes    -Wall -L/usr/lib/aarch64-linux-gnu -lusb conftest.c -lusb   >&5
configure:13123: $? = 0
configure:13132: result: yes
configure:13222: checking whether byte ordering is bigendian
configure:13237: gcc -c -g -O2 -Wall -Wmissing-declarations -Wmissing-prototypes  conftest.c >&5
conftest.c:41:9: error: unknown type name 'not'
         not a universal capable compiler
         ^~~
conftest.c:41:15: error: expected '=', ',', ';', 'asm' or '__attribute__' before 'universal'
         not a universal capable compiler
               ^~~~~~~~~
conftest.c:41:15: error: unknown type name 'universal'
configure:13237: $? = 1
configure: failed program was:
| /* confdefs.h */
| #define PACKAGE_NAME "libptp2"
| #define PACKAGE_TARNAME "libptp2"
| #define PACKAGE_VERSION "1.2.0"
| #define PACKAGE_STRING "libptp2 1.2.0"
| #define PACKAGE_BUGREPORT "findmeontheweb@nosuchemail.com"
| #define PACKAGE_URL ""
| #define PACKAGE "libptp2"
| #define VERSION "1.2.0"
| #define STDC_HEADERS 1
| #define HAVE_SYS_TYPES_H 1
| #define HAVE_SYS_STAT_H 1
| #define HAVE_STDLIB_H 1
| #define HAVE_STRING_H 1
| #define HAVE_MEMORY_H 1
| #define HAVE_STRINGS_H 1
| #define HAVE_INTTYPES_H 1
| #define HAVE_STDINT_H 1
| #define HAVE_UNISTD_H 1
| #define HAVE_DLFCN_H 1
| #define LT_OBJDIR ".libs/"
| #define STDC_HEADERS 1
| #define HAVE_LIBINTL_H 1
| #define HAVE_STDLIB_H 1
| #define HAVE_STRING_H 1
| #define HAVE_STDLIB_H 1
| #define HAVE_MALLOC 1
| #define TIME_WITH_SYS_TIME 1
| #define HAVE_SYS_TIME_H 1
| #define HAVE_UNISTD_H 1
| #define HAVE_ALARM 1
| #define HAVE_VPRINTF 1
| #define HAVE_MEMSET 1
| #define HAVE_STRCHR 1
| #define HAVE_STRDUP 1
| #define HAVE_STRTOL 1
| #define HAVE_GETOPT_LONG 1
| #define LINUX_OS /**/
| /* end confdefs.h.  */
| #ifndef __APPLE_CC__
| 	       not a universal capable compiler
| 	     #endif
| 	     typedef int dummy;
| 
configure:13282: gcc -c -g -O2 -Wall -Wmissing-declarations -Wmissing-prototypes  conftest.c >&5
configure:13282: $? = 0
configure:13300: gcc -c -g -O2 -Wall -Wmissing-declarations -Wmissing-prototypes  conftest.c >&5
conftest.c: In function 'main':
conftest.c:47:4: error: unknown type name 'not'; did you mean 'ino_t'?
    not big endian
    ^~~
    ino_t
conftest.c:47:12: error: expected '=', ',', ';', 'asm' or '__attribute__' before 'endian'
    not big endian
            ^~~~~~
configure:13300: $? = 1
configure: failed program was:
| /* confdefs.h */
| #define PACKAGE_NAME "libptp2"
| #define PACKAGE_TARNAME "libptp2"
| #define PACKAGE_VERSION "1.2.0"
| #define PACKAGE_STRING "libptp2 1.2.0"
| #define PACKAGE_BUGREPORT "findmeontheweb@nosuchemail.com"
| #define PACKAGE_URL ""
| #define PACKAGE "libptp2"
| #define VERSION "1.2.0"
| #define STDC_HEADERS 1
| #define HAVE_SYS_TYPES_H 1
| #define HAVE_SYS_STAT_H 1
| #define HAVE_STDLIB_H 1
| #define HAVE_STRING_H 1
| #define HAVE_MEMORY_H 1
| #define HAVE_STRINGS_H 1
| #define HAVE_INTTYPES_H 1
| #define HAVE_STDINT_H 1
| #define HAVE_UNISTD_H 1
| #define HAVE_DLFCN_H 1
| #define LT_OBJDIR ".libs/"
| #define STDC_HEADERS 1
| #define HAVE_LIBINTL_H 1
| #define HAVE_STDLIB_H 1
| #define HAVE_STRING_H 1
| #define HAVE_STDLIB_H 1
| #define HAVE_MALLOC 1
| #define TIME_WITH_SYS_TIME 1
| #define HAVE_SYS_TIME_H 1
| #define HAVE_UNISTD_H 1
| #define HAVE_ALARM 1
| #define HAVE_VPRINTF 1
| #define HAVE_MEMSET 1
| #define HAVE_STRCHR 1
| #define HAVE_STRDUP 1
| #define HAVE_STRTOL 1
| #define HAVE_GETOPT_LONG 1
| #define LINUX_OS /**/
| /* end confdefs.h.  */
| #include <sys/types.h>
| 		#include <sys/param.h>
| 
| int
| main ()
| {
| #if BYTE_ORDER != BIG_ENDIAN
| 		 not big endian
| 		#endif
| 
|   ;
|   return 0;
| }
configure:13428: result: no
configure:13448: checking for le32toh in machine/endian.h
conftest.c:41:10: fatal error: machine/endian.h: No such file or directory
 #include <machine/endian.h>
          ^~~~~~~~~~~~~~~~~~
compilation terminated.
configure:13471: result: no
configure:13476: checking for ntohl in arpa/inet.h
configure:13489: result: yes
configure:13542: checking for swap32 in machine/endian.h
conftest.c:41:10: fatal error: machine/endian.h: No such file or directory
 #include <machine/endian.h>
          ^~~~~~~~~~~~~~~~~~
compilation terminated.
configure:13563: result: no
configure:13567: checking for bswap_32 in byteswap.h
configure:13580: result: yes
configure:13917: checking for uint8_t in stdint.h
configure:13930: result: yes
configure:14163: checking that generated files are newer than configure
configure:14169: result: done
configure:14205: creating ./config.status

## ---------------------- ##
## Running config.status. ##
## ---------------------- ##

This file was extended by libptp2 config.status 1.2.0, which was
generated by GNU Autoconf 2.69.  Invocation command line was

  CONFIG_FILES    = 
  CONFIG_HEADERS  = 
  CONFIG_LINKS    = 
  CONFIG_COMMANDS = 
  $ ./config.status 

on tristar-desktop

config.status:1107: creating Makefile
config.status:1107: creating src/Makefile
config.status:1107: creating config.h
config.status:1336: executing depfiles commands
config.status:1336: executing libtool commands

## ---------------- ##
## Cache variables. ##
## ---------------- ##

ac_cv_build=aarch64-unknown-linux-gnu
ac_cv_c_bigendian=no
ac_cv_c_compiler_gnu=yes
ac_cv_c_const=yes
ac_cv_c_inline=inline
ac_cv_env_CC_set=
ac_cv_env_CC_value=
ac_cv_env_CFLAGS_set=
ac_cv_env_CFLAGS_value=
ac_cv_env_CPPFLAGS_set=
ac_cv_env_CPPFLAGS_value=
ac_cv_env_CPP_set=
ac_cv_env_CPP_value=
ac_cv_env_LDFLAGS_set=
ac_cv_env_LDFLAGS_value=
ac_cv_env_LIBS_set=
ac_cv_env_LIBS_value=
ac_cv_env_build_alias_set=
ac_cv_env_build_alias_value=
ac_cv_env_host_alias_set=
ac_cv_env_host_alias_value=
ac_cv_env_target_alias_set=
ac_cv_env_target_alias_value=
ac_cv_func__doprnt=no
ac_cv_func_alarm=yes
ac_cv_func_getopt_long=yes
ac_cv_func_malloc_0_nonnull=yes
ac_cv_func_memset=yes
ac_cv_func_strchr=yes
ac_cv_func_strdup=yes
ac_cv_func_strtol=yes
ac_cv_func_vprintf=yes
ac_cv_func_working_mktime=yes
ac_cv_header_dlfcn_h=yes
ac_cv_header_inttypes_h=yes
ac_cv_header_libintl_h=yes
ac_cv_header_memory_h=yes
ac_cv_header_stdc=yes
ac_cv_header_stdint_h=yes
ac_cv_header_stdlib_h=yes
ac_cv_header_string_h=yes
ac_cv_header_strings_h=yes
ac_cv_header_sys_stat_h=yes
ac_cv_header_sys_time_h=yes
ac_cv_header_sys_types_h=yes
ac_cv_header_time=yes
ac_cv_header_unistd_h=yes
ac_cv_host=aarch64-unknown-linux-gnu
ac_cv_lib_error_at_line=yes
ac_cv_lib_usb_usb_busses=yes
ac_cv_objext=o
ac_cv_path_EGREP='/bin/grep -E'
ac_cv_path_FGREP='/bin/grep -F'
ac_cv_path_GREP=/bin/grep
ac_cv_path_LIBUSB_CONFIG=/usr/bin/libusb-config
ac_cv_path_SED=/bin/sed
ac_cv_path_install='/usr/bin/install -c'
ac_cv_path_mkdir=/bin/mkdir
ac_cv_prog_AWK=mawk
ac_cv_prog_CPP='gcc -E'
ac_cv_prog_ac_ct_AR=ar
ac_cv_prog_ac_ct_CC=gcc
ac_cv_prog_ac_ct_MANIFEST_TOOL=mt
ac_cv_prog_ac_ct_OBJDUMP=objdump
ac_cv_prog_ac_ct_RANLIB=ranlib
ac_cv_prog_ac_ct_STRIP=strip
ac_cv_prog_cc_c89=
ac_cv_prog_cc_g=yes
ac_cv_prog_make_make_set=yes
ac_cv_struct_tm=time.h
ac_cv_type_uint8_t=yes
am_cv_CC_dependencies_compiler_type=gcc3
am_cv_make_support_nested_variables=yes
am_cv_prog_cc_c_o=yes
lt_cv_ar_at_file=@
lt_cv_archive_cmds_need_lc=no
lt_cv_deplibs_check_method=pass_all
lt_cv_file_magic_cmd='$MAGIC_CMD'
lt_cv_file_magic_test_file=
lt_cv_ld_reload_flag=-r
lt_cv_nm_interface='BSD nm'
lt_cv_objdir=.libs
lt_cv_path_LD=/usr/bin/ld
lt_cv_path_NM='/usr/bin/nm -B'
lt_cv_path_mainfest_tool=no
lt_cv_prog_compiler_c_o=yes
lt_cv_prog_compiler_pic='-fPIC -DPIC'
lt_cv_prog_compiler_pic_works=yes
lt_cv_prog_compiler_rtti_exceptions=no
lt_cv_prog_compiler_static_works=yes
lt_cv_prog_gnu_ld=yes
lt_cv_sharedlib_from_linklib_cmd='printf %s\n'
lt_cv_shlibpath_overrides_runpath=yes
lt_cv_sys_global_symbol_pipe='sed -n -e '\''s/^.*[	 ]\([ABCDGIRSTW][ABCDGIRSTW]*\)[	 ][	 ]*\([_A-Za-z][_A-Za-z0-9]*\)$/\1 \2 \2/p'\'' | sed '\''/ __gnu_lto/d'\'''
lt_cv_sys_global_symbol_to_c_name_address='sed -n -e '\''s/^: \([^ ]*\)[ ]*$/  {\"\1\", (void *) 0},/p'\'' -e '\''s/^[ABCDGIRSTW]* \([^ ]*\) \([^ ]*\)$/  {"\2", (void *) \&\2},/p'\'''
lt_cv_sys_global_symbol_to_c_name_address_lib_prefix='sed -n -e '\''s/^: \([^ ]*\)[ ]*$/  {\"\1\", (void *) 0},/p'\'' -e '\''s/^[ABCDGIRSTW]* \([^ ]*\) \(lib[^ ]*\)$/  {"\2", (void *) \&\2},/p'\'' -e '\''s/^[ABCDGIRSTW]* \([^ ]*\) \([^ ]*\)$/  {"lib\2", (void *) \&\2},/p'\'''
lt_cv_sys_global_symbol_to_cdecl='sed -n -e '\''s/^T .* \(.*\)$/extern int \1();/p'\'' -e '\''s/^[ABCDGIRSTW]* .* \(.*\)$/extern char \1;/p'\'''
lt_cv_sys_max_cmd_len=1572864
lt_cv_to_host_file_cmd=func_convert_file_noop
lt_cv_to_tool_file_cmd=func_convert_file_noop

## ----------------- ##
## Output variables. ##
## ----------------- ##

ACLOCAL='${SHELL} /home/tristar/MyWork-NX4_6/libptp2-1.2.0/missing aclocal-1.14'
AMDEPBACKSLASH='\'
AMDEP_FALSE='#'
AMDEP_TRUE=''
AMTAR='$${TAR-tar}'
AM_BACKSLASH='\'
AM_DEFAULT_V='$(AM_DEFAULT_VERBOSITY)'
AM_DEFAULT_VERBOSITY='1'
AM_V='$(V)'
AR='ar'
AUTOCONF='${SHELL} /home/tristar/MyWork-NX4_6/libptp2-1.2.0/missing autoconf'
AUTOHEADER='${SHELL} /home/tristar/MyWork-NX4_6/libptp2-1.2.0/missing autoheader'
AUTOMAKE='${SHELL} /home/tristar/MyWork-NX4_6/libptp2-1.2.0/missing automake-1.14'
AWK='mawk'
CC='gcc'
CCDEPMODE='depmode=gcc3'
CFLAGS='-g -O2 -Wall -Wmissing-declarations -Wmissing-prototypes'
CPP='gcc -E'
CPPFLAGS=''
CYGPATH_W='echo'
DEFS='-DHAVE_CONFIG_H'
DEPDIR='.deps'
DLLTOOL='false'
DSYMUTIL=''
DUMPBIN=''
ECHO_C=''
ECHO_N='-n'
ECHO_T=''
EGREP='/bin/grep -E'
EXEEXT=''
FGREP='/bin/grep -F'
GREP='/bin/grep'
INSTALL_DATA='${INSTALL} -m 644'
INSTALL_PROGRAM='${INSTALL}'
INSTALL_SCRIPT='${INSTALL}'
INSTALL_STRIP_PROGRAM='$(install_sh) -c -s'
LD='/usr/bin/ld'
LDFLAGS=' -Wall'
LIBOBJS=''
LIBPTP2_VERSION_INFO='2:5:1'
LIBS=''
LIBTOOL='$(SHELL) $(top_builddir)/libtool'
LIBUSB_CONFIG='/usr/bin/libusb-config'
LINUX_OS_FALSE='#'
LINUX_OS_TRUE=''
LIPO=''
LN_S='ln -s'
LTLIBOBJS=''
MAKEINFO='${SHELL} /home/tristar/MyWork-NX4_6/libptp2-1.2.0/missing makeinfo'
MANIFEST_TOOL=':'
MKDIR_P='/bin/mkdir -p'
NM='/usr/bin/nm -B'
NMEDIT=''
OBJDUMP='objdump'
OBJEXT='o'
OTOOL64=''
OTOOL=''
PACKAGE='libptp2'
PACKAGE_BUGREPORT='findmeontheweb@nosuchemail.com'
PACKAGE_NAME='libptp2'
PACKAGE_STRING='libptp2 1.2.0'
PACKAGE_TARNAME='libptp2'
PACKAGE_URL=''
PACKAGE_VERSION='1.2.0'
PATH_SEPARATOR=':'
PTPCAM_CFLAGS=''
PTPCAM_FALSE='#'
PTPCAM_LDFLAGS='-L/usr/lib/aarch64-linux-gnu -lusb'
PTPCAM_TRUE=''
RANLIB='ranlib'
SED='/bin/sed'
SET_MAKE=''
SHELL='/bin/bash'
STRIP='strip'
VERSION='1.2.0'
ac_ct_AR='ar'
ac_ct_CC='gcc'
ac_ct_DUMPBIN=''
am__EXEEXT_FALSE=''
am__EXEEXT_TRUE='#'
am__fastdepCC_FALSE='#'
am__fastdepCC_TRUE=''
am__include='include'
am__isrc=''
am__leading_dot='.'
am__nodep='_no'
am__quote=''
am__tar='$${TAR-tar} chof - "$$tardir"'
am__untar='$${TAR-tar} xf -'
bindir='${exec_prefix}/bin'
build='aarch64-unknown-linux-gnu'
build_alias=''
build_cpu='aarch64'
build_os='linux-gnu'
build_vendor='unknown'
datadir='${datarootdir}'
datarootdir='${prefix}/share'
docdir='${datarootdir}/doc/${PACKAGE_TARNAME}'
dvidir='${docdir}'
effective_target='aarch64-unknown-linux-gnu'
exec_prefix='${prefix}'
host='aarch64-unknown-linux-gnu'
host_alias=''
host_cpu='aarch64'
host_os='linux-gnu'
host_vendor='unknown'
htmldir='${docdir}'
includedir='${prefix}/include'
infodir='${datarootdir}/info'
install_sh='${SHELL} /home/tristar/MyWork-NX4_6/libptp2-1.2.0/install-sh'
libdir='${exec_prefix}/lib'
libexecdir='${exec_prefix}/libexec'
localedir='${datarootdir}/locale'
localstatedir='${prefix}/var'
mandir='${datarootdir}/man'
mkdir_p='$(MKDIR_P)'
oldincludedir='/usr/include'
pdfdir='${docdir}'
prefix='/usr/local'
program_transform_name='s,x,x,'
psdir='${docdir}'
sbindir='${exec_prefix}/sbin'
sharedstatedir='${prefix}/com'
sysconfdir='${prefix}/etc'
target_alias=''

## ----------- ##
## confdefs.h. ##
## ----------- ##

/* confdefs.h */
#define PACKAGE_NAME "libptp2"
#define PACKAGE_TARNAME "libptp2"
#define PACKAGE_VERSION "1.2.0"
#define PACKAGE_STRING "libptp2 1.2.0"
#define PACKAGE_BUGREPORT "findmeontheweb@nosuchemail.com"
#define PACKAGE_URL ""
#define PACKAGE "libptp2"
#define VERSION "1.2.0"
#define STDC_HEADERS 1
#define HAVE_SYS_TYPES_H 1
#define HAVE_SYS_STAT_H 1
#define HAVE_STDLIB_H 1
#define HAVE_STRING_H 1
#define HAVE_MEMORY_H 1
#define HAVE_STRINGS_H 1
#define HAVE_INTTYPES_H 1
#define HAVE_STDINT_H 1
#define HAVE_UNISTD_H 1
#define HAVE_DLFCN_H 1
#define LT_OBJDIR ".libs/"
#define STDC_HEADERS 1
#define HAVE_LIBINTL_H 1
#define HAVE_STDLIB_H 1
#define HAVE_STRING_H 1
#define HAVE_STDLIB_H 1
#define HAVE_MALLOC 1
#define TIME_WITH_SYS_TIME 1
#define HAVE_SYS_TIME_H 1
#define HAVE_UNISTD_H 1
#define HAVE_ALARM 1
#define HAVE_VPRINTF 1
#define HAVE_MEMSET 1
#define HAVE_STRCHR 1
#define HAVE_STRDUP 1
#define HAVE_STRTOL 1
#define HAVE_GETOPT_LONG 1
#define LINUX_OS /**/

configure: exit 0
